<?xml version="1.0" encoding="UTF-8"?>
<testsuite errors="0" failures="0" file="app_tests.py" name="app_tests.TestCompInitTimePeriods-20191029155212" skipped="0" tests="5" time="0.017" timestamp="2019-10-29T15:52:12">
	<testcase classname="app_tests.TestCompInitTimePeriods" file="src/unittest/python/app_tests.py" line="12" name="test_a_health_check" time="0.011" timestamp="2019-10-29T15:52:12">
		<system-out>
<![CDATA[]]>		</system-out>
		<system-err>
<![CDATA[]]>		</system-err>
	</testcase>
	<testcase classname="app_tests.TestCompInitTimePeriods" file="src/unittest/python/app_tests.py" line="20" name="test_b_get" time="0.001" timestamp="2019-10-29T15:52:12">
		<system-out>
<![CDATA[]]>		</system-out>
		<system-err>
<![CDATA[]]>		</system-err>
	</testcase>
	<testcase classname="app_tests.TestCompInitTimePeriods" file="src/unittest/python/app_tests.py" line="29" name="test_c_post" time="0.001" timestamp="2019-10-29T15:52:12">
		<system-out>
<![CDATA[]]>		</system-out>
		<system-err>
<![CDATA[]]>		</system-err>
	</testcase>
	<testcase classname="app_tests.TestCompInitTimePeriods" file="src/unittest/python/app_tests.py" line="40" name="test_d_put" time="0.002" timestamp="2019-10-29T15:52:12">
		<system-out>
<![CDATA[]]>		</system-out>
		<system-err>
<![CDATA[]]>		</system-err>
	</testcase>
	<testcase classname="app_tests.TestCompInitTimePeriods" file="src/unittest/python/app_tests.py" line="49" name="test_e_delete" time="0.001" timestamp="2019-10-29T15:52:12">
		<system-out>
<![CDATA[]]>		</system-out>
		<system-err>
<![CDATA[]]>		</system-err>
	</testcase>
</testsuite>
